INFO:root:Connection made. 
INFO:root:Input message: AT +1088279.602940 Blake kiwi.cs.ucla.edu +27.5916+086.5640 1353118103.108893381

INFO:root:Connection made. 
INFO:root:Input message: AT +1088279.602940 Blake kiwi.cs.ucla.edu +27.5916+086.5640 1353118103.108893381

INFO:root:Connection dropped: [Failure instance: Traceback (failure with no frames): <class 'twisted.internet.error.ConnectionDone'>: Connection was closed cleanly.
]
INFO:root:Connection made. 
INFO:root:Input message: WHATSAT kiwi.cs.ucla.edu 100 2
INFO:root:Query successful. OUTPUT: {"completed_in":0.011,"max_id":274187913590370304,"max_id_str":"274187913590370304","next_page":"?page=2&max_id=274187913590370304&q=&geocode=27.5916%2C86.564%2C100km&rpp=2","page":1,"query":"","refresh_url":"?since_id=274187913590370304&q=&geocode=27.5916%2C86.564%2C100km","results":[{"created_at":"Thu, 29 Nov 2012 16:27:47 +0000","from_user":"nawa06","from_user_id":417757535,"from_user_id_str":"417757535","from_user_name":"SaanDaaju","geo":null,"location":"kathmandu, Nepal","id":274187913590370304,"id_str":"274187913590370304","iso_language_code":"hi","metadata":{"result_type":"recent"},"profile_image_url":"http:\/\/a0.twimg.com\/profile_images\/1665511850\/nawraj_normal.jpg","profile_image_url_https":"https:\/\/si0.twimg.com\/profile_images\/1665511850\/nawraj_normal.jpg","source":"&lt;a href=&quot;http:\/\/twitter.com\/download\/iphone&quot;&gt;Twitter for iPhone&lt;\/a&gt;","text":"\u0906\u092f\u094b","to_user":null,"to_user_id":0,"to_user_id_str":"0","to_user_name":null},{"created_at":"Thu, 29 Nov 2012 16:27:46 +0000","from_user":"SUNAO_","from_user_id":70675887,"from_user_id_str":"70675887","from_user_name":"\u3059\u306a\u304a\uff08\u30de\u30a4\u30af\u30e9\u9bd6\u3084\u3063\u3066\u307e\u3059\uff09","geo":{"coordinates":[27.985818,86.923580],"type":"Point"},"id":274187911203782657,"id_str":"274187911203782657","iso_language_code":"ja","metadata":{"result_type":"recent"},"profile_image_url":"http:\/\/a0.twimg.com\/profile_images\/2738351531\/0ed944cf1f6779090033ece765bcb750_normal.png","profile_image_url_https":"https:\/\/si0.twimg.com\/profile_images\/2738351531\/0ed944cf1f6779090033ece765bcb750_normal.png","source":"&lt;a href=&quot;http:\/\/twitter.com\/intent\/tweet?text=%e3%81%af%e3%81%81%e6%97%a9%e8%8b%97%e3%81%95%e3%82%93%e3%81%8b%e3%82%8f%e3%82%86&quot;&gt;\u3055\u306a\u3048\u3042\u3044\u3057\u3066\u308b&lt;\/a&gt;","text":"\u3082\u3045\u3049\u3053\u3063\u305f","to_user":null,"to_user_id":0,"to_user_id_str":"0","to_user_name":null}],"results_per_page":2,"since_id":0,"since_id_str":"0"}
INFO:root:Connection dropped: [Failure instance: Traceback (failure with no frames): <class 'twisted.internet.error.ConnectionDone'>: Connection was closed cleanly.
]
INFO:root:Connection dropped: [Failure instance: Traceback (failure with no frames): <class 'twisted.internet.error.ConnectionLost'>: Connection to the other side was lost in a non-clean fashion: Connection lost.
]
INFO:root:Connection made. 
INFO:root:Connection dropped: [Failure instance: Traceback (failure with no frames): <class 'twisted.internet.error.ConnectionLost'>: Connection to the other side was lost in a non-clean fashion: Connection lost.
]
INFO:root:Connection made. 
INFO:root:Connection made. 
INFO:root:Input message: AT +1088818.407551 Gasol kiwi.cs.ucla.edu +27.5916+086.5640 1353118103.108893381

INFO:root:Input message: AT +1088818.407551 Gasol kiwi.cs.ucla.edu +27.5916+086.5640 1353118103.108893381

INFO:root:Connection dropped: [Failure instance: Traceback (failure with no frames): <class 'twisted.internet.error.ConnectionDone'>: Connection was closed cleanly.
]
INFO:root:Connection made. 
INFO:root:Input message: WHATSAT kiwi.cs.ucla.edu 100 2
INFO:root:Query successful. OUTPUT: {"completed_in":0.021,"max_id":274189944996651008,"max_id_str":"274189944996651008","next_page":"?page=2&max_id=274189944996651008&q=&geocode=27.5916%2C86.564%2C100km&rpp=2","page":1,"query":"","refresh_url":"?since_id=274189944996651008&q=&geocode=27.5916%2C86.564%2C100km","results":[{"created_at":"Thu, 29 Nov 2012 16:35:51 +0000","from_user":"hibaqandtheweb","from_user_id":723207428,"from_user_id_str":"723207428","from_user_name":"Hibaq Osman","geo":null,"location":"LDN.","id":274189944996651008,"id_str":"274189944996651008","iso_language_code":"en","metadata":{"result_type":"recent"},"profile_image_url":"http:\/\/a0.twimg.com\/profile_images\/2879776579\/79ec1549425b804485b4345ae31fa38a_normal.jpeg","profile_image_url_https":"https:\/\/si0.twimg.com\/profile_images\/2879776579\/79ec1549425b804485b4345ae31fa38a_normal.jpeg","source":"&lt;a href=&quot;http:\/\/twitter.com\/download\/iphone&quot;&gt;Twitter for iPhone&lt;\/a&gt;","text":"so i was just given a scholarship that takes a grand and a half off my tuition fees each year. yay!","to_user":null,"to_user_id":0,"to_user_id_str":"0","to_user_name":null},{"created_at":"Thu, 29 Nov 2012 16:35:51 +0000","from_user":"iam_code","from_user_id":19188498,"from_user_id_str":"19188498","from_user_name":"Cody E.","geo":null,"location":"LDN","id":274189944912769024,"id_str":"274189944912769024","iso_language_code":"en","metadata":{"result_type":"recent"},"profile_image_url":"http:\/\/a0.twimg.com\/profile_images\/2215686391\/image_normal.jpg","profile_image_url_https":"https:\/\/si0.twimg.com\/profile_images\/2215686391\/image_normal.jpg","source":"&lt;a href=&quot;http:\/\/itunes.apple.com\/us\/app\/twitter\/id409789998?mt=12&quot;&gt;Twitter for Mac&lt;\/a&gt;","text":"Quote of the day \"I'm not hating on you, I'm judging you\" theres a difference.","to_user":null,"to_user_id":0,"to_user_id_str":"0","to_user_name":null}],"results_per_page":2,"since_id":0,"since_id_str":"0"}
INFO:root:Connection dropped: [Failure instance: Traceback (failure with no frames): <class 'twisted.internet.error.ConnectionDone'>: Connection was closed cleanly.
]
INFO:root:Connection dropped: [Failure instance: Traceback (failure with no frames): <class 'twisted.internet.error.ConnectionLost'>: Connection to the other side was lost in a non-clean fashion: Connection lost.
]
