2012-11-27 21:30:13-0800 [-] Log opened.
2012-11-27 21:30:13-0800 [-] using set_wakeup_fd
2012-11-27 21:30:13-0800 [-] twistd 12.2.0 (/usr/local/cs/Python-2.7.3/bin/python 2.7.3) starting up.
2012-11-27 21:30:13-0800 [-] reactor class: twisted.internet.epollreactor.EPollReactor.
2012-11-27 21:30:13-0800 [-] ServerFactory starting on 12780
2012-11-27 21:30:13-0800 [-] Starting factory <twisted.internet.protocol.ServerFactory instance at 0x2480248>
2012-11-27 21:30:13-0800 [-] ServerFactory starting on 12781
2012-11-27 21:30:24-0800 [-] Received SIGTERM, shutting down.
2012-11-27 21:30:24-0800 [-] (TCP Port 12781 Closed)
2012-11-27 21:30:24-0800 [-] (TCP Port 12780 Closed)
2012-11-27 21:30:24-0800 [-] Stopping factory <twisted.internet.protocol.ServerFactory instance at 0x2480248>
2012-11-27 21:30:24-0800 [-] Main loop terminated.
2012-11-27 21:30:24-0800 [-] Server Shut Down.
2012-11-27 21:30:26-0800 [-] Log opened.
2012-11-27 21:30:26-0800 [-] using set_wakeup_fd
2012-11-27 21:30:26-0800 [-] twistd 12.2.0 (/usr/local/cs/Python-2.7.3/bin/python 2.7.3) starting up.
2012-11-27 21:30:26-0800 [-] reactor class: twisted.internet.epollreactor.EPollReactor.
2012-11-27 21:30:26-0800 [-] ServerFactory starting on 12780
2012-11-27 21:30:26-0800 [-] Starting factory <twisted.internet.protocol.ServerFactory instance at 0x2511248>
2012-11-27 21:30:26-0800 [-] ServerFactory starting on 12781
2012-11-27 21:30:38-0800 [-] Received SIGTERM, shutting down.
2012-11-27 21:30:38-0800 [-] (TCP Port 12781 Closed)
2012-11-27 21:30:38-0800 [-] (TCP Port 12780 Closed)
2012-11-27 21:30:38-0800 [-] Stopping factory <twisted.internet.protocol.ServerFactory instance at 0x2511248>
2012-11-27 21:30:38-0800 [-] Main loop terminated.
2012-11-27 21:30:38-0800 [-] Server Shut Down.
2012-11-27 21:30:55-0800 [-] Log opened.
2012-11-27 21:30:55-0800 [-] using set_wakeup_fd
2012-11-27 21:30:55-0800 [-] twistd 12.2.0 (/usr/local/cs/Python-2.7.3/bin/python 2.7.3) starting up.
2012-11-27 21:30:55-0800 [-] reactor class: twisted.internet.epollreactor.EPollReactor.
2012-11-27 21:30:55-0800 [-] ServerFactory starting on 12780
2012-11-27 21:30:55-0800 [-] Starting factory <twisted.internet.protocol.ServerFactory instance at 0x2dd5248>
2012-11-27 21:30:55-0800 [-] ServerFactory starting on 12781
2012-11-27 21:31:53-0800 [-] Received SIGTERM, shutting down.
2012-11-27 21:31:53-0800 [-] (TCP Port 12781 Closed)
2012-11-27 21:31:53-0800 [-] (TCP Port 12780 Closed)
2012-11-27 21:31:53-0800 [-] Stopping factory <twisted.internet.protocol.ServerFactory instance at 0x2dd5248>
2012-11-27 21:31:53-0800 [-] Main loop terminated.
2012-11-27 21:31:53-0800 [-] Server Shut Down.
2012-11-27 21:34:33-0800 [-] Log opened.
2012-11-27 21:34:33-0800 [-] using set_wakeup_fd
2012-11-27 21:34:33-0800 [-] twistd 12.2.0 (/usr/local/cs/Python-2.7.3/bin/python 2.7.3) starting up.
2012-11-27 21:34:33-0800 [-] reactor class: twisted.internet.epollreactor.EPollReactor.
2012-11-27 21:34:33-0800 [-] ServerFactory starting on 12780
2012-11-27 21:34:33-0800 [-] Starting factory <twisted.internet.protocol.ServerFactory instance at 0x1944248>
2012-11-27 21:34:33-0800 [-] ServerFactory starting on 12781
2012-11-27 21:35:24-0800 [-] Received SIGTERM, shutting down.
2012-11-27 21:35:24-0800 [-] (TCP Port 12781 Closed)
2012-11-27 21:35:24-0800 [-] (TCP Port 12780 Closed)
2012-11-27 21:35:24-0800 [-] Stopping factory <twisted.internet.protocol.ServerFactory instance at 0x1944248>
2012-11-27 21:35:24-0800 [-] Main loop terminated.
2012-11-27 21:35:24-0800 [-] Server Shut Down.
2012-11-27 21:35:28-0800 [-] Log opened.
2012-11-27 21:35:28-0800 [-] using set_wakeup_fd
2012-11-27 21:35:28-0800 [-] twistd 12.2.0 (/usr/local/cs/Python-2.7.3/bin/python 2.7.3) starting up.
2012-11-27 21:35:28-0800 [-] reactor class: twisted.internet.epollreactor.EPollReactor.
2012-11-27 21:35:28-0800 [-] ServerFactory starting on 12780
2012-11-27 21:35:28-0800 [-] Starting factory <twisted.internet.protocol.ServerFactory instance at 0x1181248>
2012-11-27 21:35:28-0800 [-] ServerFactory starting on 12781
2012-11-27 21:35:33-0800 [-] Received SIGTERM, shutting down.
2012-11-27 21:35:33-0800 [-] (TCP Port 12781 Closed)
2012-11-27 21:35:33-0800 [-] (TCP Port 12780 Closed)
2012-11-27 21:35:33-0800 [-] Stopping factory <twisted.internet.protocol.ServerFactory instance at 0x1181248>
2012-11-27 21:35:33-0800 [-] Main loop terminated.
2012-11-27 21:35:33-0800 [-] Server Shut Down.
2012-11-27 22:09:23-0800 [-] Log opened.
2012-11-27 22:09:23-0800 [-] using set_wakeup_fd
2012-11-27 22:09:23-0800 [-] twistd 12.2.0 (/usr/local/cs/Python-2.7.3/bin/python 2.7.3) starting up.
2012-11-27 22:09:23-0800 [-] reactor class: twisted.internet.epollreactor.EPollReactor.
2012-11-27 22:09:23-0800 [-] ServerFactory starting on 12780
2012-11-27 22:09:23-0800 [-] Starting factory <twisted.internet.protocol.ServerFactory instance at 0x2529290>
2012-11-27 22:09:23-0800 [-] ServerFactory starting on 12781
2012-11-27 22:09:23-0800 [-] Starting factory <twisted.internet.protocol.ServerFactory instance at 0x2529248>
2012-11-27 22:09:29-0800 [twisted.internet.protocol.ServerFactory] Connection made. 
2012-11-27 22:09:58-0800 [twisted.internet.protocol.ServerFactory] Connection made. 
2012-11-27 22:10:13-0800 [MessageReceiver,0,127.0.0.1] ClientID: kiwi.cs.ucla.edu
2012-11-27 22:10:13-0800 [MessageReceiver,0,127.0.0.1] time diff: 964910.325845
2012-11-27 22:10:13-0800 [MessageReceiver,0,127.0.0.1] location: +27.5916+086.5640
2012-11-27 22:57:36-0800 [MessageReceiver,0,127.0.0.1] Connection dropped: [Failure instance: Traceback (failure with no frames): <class 'twisted.internet.error.ConnectionDone'>: Connection was closed cleanly.
2012-11-27 22:57:36-0800 [MessageReceiver,0,127.0.0.1] ]
2012-11-27 22:57:41-0800 [MessageReceiver,0,127.0.0.1] Connection dropped: [Failure instance: Traceback (failure with no frames): <class 'twisted.internet.error.ConnectionDone'>: Connection was closed cleanly.
2012-11-27 22:57:41-0800 [MessageReceiver,0,127.0.0.1] ]
2012-11-28 17:43:05-0800 [-] Received SIGTERM, shutting down.
2012-11-28 17:43:05-0800 [-] (TCP Port 12781 Closed)
2012-11-28 17:43:05-0800 [-] Stopping factory <twisted.internet.protocol.ServerFactory instance at 0x2529248>
2012-11-28 17:43:05-0800 [-] (TCP Port 12780 Closed)
2012-11-28 17:43:05-0800 [-] Stopping factory <twisted.internet.protocol.ServerFactory instance at 0x2529290>
2012-11-28 17:43:05-0800 [-] Main loop terminated.
2012-11-28 17:43:05-0800 [-] Server Shut Down.
2012-11-28 17:48:45-0800 [-] Log opened.
2012-11-28 17:48:45-0800 [-] using set_wakeup_fd
2012-11-28 17:48:45-0800 [-] twistd 12.2.0 (/usr/local/cs/Python-2.7.3/bin/python 2.7.3) starting up.
2012-11-28 17:48:45-0800 [-] reactor class: twisted.internet.epollreactor.EPollReactor.
2012-11-28 17:48:45-0800 [-] ServerFactory starting on 12780
2012-11-28 17:48:45-0800 [-] Starting factory <twisted.internet.protocol.ServerFactory instance at 0x21f2290>
2012-11-28 17:48:45-0800 [-] ServerFactory starting on 12781
2012-11-28 17:48:45-0800 [-] Starting factory <twisted.internet.protocol.ServerFactory instance at 0x21f2248>
2012-11-28 17:49:57-0800 [-] Received SIGTERM, shutting down.
2012-11-28 17:49:57-0800 [-] (TCP Port 12781 Closed)
2012-11-28 17:49:57-0800 [-] Stopping factory <twisted.internet.protocol.ServerFactory instance at 0x21f2248>
2012-11-28 17:49:57-0800 [-] (TCP Port 12780 Closed)
2012-11-28 17:49:57-0800 [-] Stopping factory <twisted.internet.protocol.ServerFactory instance at 0x21f2290>
2012-11-28 17:49:57-0800 [-] Main loop terminated.
2012-11-28 17:49:57-0800 [-] Server Shut Down.
2012-11-28 17:50:20-0800 [-] Log opened.
2012-11-28 17:50:20-0800 [-] using set_wakeup_fd
2012-11-28 17:50:20-0800 [-] twistd 12.2.0 (/usr/local/cs/Python-2.7.3/bin/python 2.7.3) starting up.
2012-11-28 17:50:20-0800 [-] reactor class: twisted.internet.epollreactor.EPollReactor.
2012-11-28 17:50:20-0800 [-] ServerFactory starting on 12780
2012-11-28 17:50:20-0800 [-] Starting factory <twisted.internet.protocol.ServerFactory instance at 0x1d88290>
2012-11-28 17:50:20-0800 [-] ServerFactory starting on 12781
2012-11-28 17:50:20-0800 [-] Starting factory <twisted.internet.protocol.ServerFactory instance at 0x1d88248>
2012-11-28 17:50:28-0800 [-] Received SIGTERM, shutting down.
2012-11-28 17:50:28-0800 [-] (TCP Port 12781 Closed)
2012-11-28 17:50:28-0800 [-] Stopping factory <twisted.internet.protocol.ServerFactory instance at 0x1d88248>
2012-11-28 17:50:28-0800 [-] (TCP Port 12780 Closed)
2012-11-28 17:50:28-0800 [-] Stopping factory <twisted.internet.protocol.ServerFactory instance at 0x1d88290>
2012-11-28 17:50:28-0800 [-] Main loop terminated.
2012-11-28 17:50:28-0800 [-] Server Shut Down.
2012-11-28 17:52:02-0800 [-] Log opened.
2012-11-28 17:52:02-0800 [-] using set_wakeup_fd
2012-11-28 17:52:02-0800 [-] twistd 12.2.0 (/usr/local/cs/Python-2.7.3/bin/python 2.7.3) starting up.
2012-11-28 17:52:02-0800 [-] reactor class: twisted.internet.epollreactor.EPollReactor.
2012-11-28 17:52:02-0800 [-] ServerFactory starting on 12780
2012-11-28 17:52:02-0800 [-] Starting factory <twisted.internet.protocol.ServerFactory instance at 0x102e290>
2012-11-28 17:52:02-0800 [-] ServerFactory starting on 12781
2012-11-28 17:52:02-0800 [-] Starting factory <twisted.internet.protocol.ServerFactory instance at 0x102e248>
2012-11-28 17:52:20-0800 [-] Received SIGTERM, shutting down.
2012-11-28 17:52:20-0800 [-] (TCP Port 12781 Closed)
2012-11-28 17:52:20-0800 [-] Stopping factory <twisted.internet.protocol.ServerFactory instance at 0x102e248>
2012-11-28 17:52:20-0800 [-] (TCP Port 12780 Closed)
2012-11-28 17:52:20-0800 [-] Stopping factory <twisted.internet.protocol.ServerFactory instance at 0x102e290>
2012-11-28 17:52:20-0800 [-] Main loop terminated.
2012-11-28 17:52:20-0800 [-] Server Shut Down.
